0 info it worked if it ends with ok
1 verbose cli [ 'C:\\Program Files\\nodejs\\node.exe',
1 verbose cli   'C:\\Users\\yohan\\AppData\\Roaming\\npm\\node_modules\\npm\\bin\\npm-cli.js',
1 verbose cli   'publish' ]
2 info using npm@3.8.9
3 info using node@v4.4.0
4 verbose publish [ '.' ]
5 silly cache add args [ '.', null ]
6 verbose cache add spec .
7 silly cache add parsed spec Result {
7 silly cache add   raw: '.',
7 silly cache add   scope: null,
7 silly cache add   name: null,
7 silly cache add   rawSpec: '.',
7 silly cache add   spec: 'D:\\Work\\nodejs-express-helper',
7 silly cache add   type: 'directory' }
8 verbose addLocalDirectory C:\Users\yohan\AppData\Roaming\npm-cache\nodejs-express-helper\0.0.1\package.tgz not in flight; packing
9 verbose correctMkdir C:\Users\yohan\AppData\Roaming\npm-cache correctMkdir not in flight; initializing
10 info lifecycle nodejs-express-helper@0.0.1~prepublish: nodejs-express-helper@0.0.1
11 silly lifecycle nodejs-express-helper@0.0.1~prepublish: no script for prepublish, continuing
12 verbose tar pack [ 'C:\\Users\\yohan\\AppData\\Roaming\\npm-cache\\nodejs-express-helper\\0.0.1\\package.tgz',
12 verbose tar pack   'D:\\Work\\nodejs-express-helper' ]
13 verbose tarball C:\Users\yohan\AppData\Roaming\npm-cache\nodejs-express-helper\0.0.1\package.tgz
14 verbose folder D:\Work\nodejs-express-helper
15 verbose addLocalTarball adding from inside cache C:\Users\yohan\AppData\Roaming\npm-cache\nodejs-express-helper\0.0.1\package.tgz
16 verbose correctMkdir C:\Users\yohan\AppData\Roaming\npm-cache correctMkdir not in flight; initializing
17 silly cache afterAdd nodejs-express-helper@0.0.1
18 verbose afterAdd C:\Users\yohan\AppData\Roaming\npm-cache\nodejs-express-helper\0.0.1\package\package.json not in flight; writing
19 verbose correctMkdir C:\Users\yohan\AppData\Roaming\npm-cache correctMkdir not in flight; initializing
20 verbose afterAdd C:\Users\yohan\AppData\Roaming\npm-cache\nodejs-express-helper\0.0.1\package\package.json written
21 silly publish { name: 'nodejs-express-helper',
21 silly publish   version: '0.0.1',
21 silly publish   description: 'query builder, error response, logger, validating laravel style..',
21 silly publish   main: 'index.js',
21 silly publish   scripts: { test: 'echo "Error: no test specified" && exit 1' },
21 silly publish   repository:
21 silly publish    { type: 'git',
21 silly publish      url: 'git+https://github.com/yohanip/nodejs-express-helpers.git' },
21 silly publish   keywords: [ 'query', 'builder', 'logger', 'validation' ],
21 silly publish   author: { name: 'yohanip' },
21 silly publish   license: 'MIT',
21 silly publish   bugs: { url: 'https://github.com/yohanip/nodejs-express-helpers/issues' },
21 silly publish   homepage: 'https://github.com/yohanip/nodejs-express-helpers#readme',
21 silly publish   dependencies:
21 silly publish    { 'data-validate': '^1.0.2',
21 silly publish      lodash: '^4.12.0',
21 silly publish      tracer: '^0.8.3' },
21 silly publish   readme: 'ERROR: No README data found!',
21 silly publish   _id: 'nodejs-express-helper@0.0.1',
21 silly publish   _shasum: 'df4e88aee7835730cbc2da8dd194ac572d94c967',
21 silly publish   _from: '.' }
22 verbose getPublishConfig undefined
23 silly mapToRegistry name nodejs-express-helper
24 silly mapToRegistry using default registry
25 silly mapToRegistry registry https://registry.npmjs.org/
26 silly mapToRegistry data Result {
26 silly mapToRegistry   raw: 'nodejs-express-helper',
26 silly mapToRegistry   scope: null,
26 silly mapToRegistry   name: 'nodejs-express-helper',
26 silly mapToRegistry   rawSpec: '',
26 silly mapToRegistry   spec: 'latest',
26 silly mapToRegistry   type: 'tag' }
27 silly mapToRegistry uri https://registry.npmjs.org/nodejs-express-helper
28 verbose publish registryBase https://registry.npmjs.org/
29 silly publish uploading C:\Users\yohan\AppData\Roaming\npm-cache\nodejs-express-helper\0.0.1\package.tgz
30 verbose stack Error: auth required for publishing
30 verbose stack     at CachingRegistryClient.publish (C:\Users\yohan\AppData\Roaming\npm\node_modules\npm\node_modules\npm-registry-client\lib\publish.js:30:14)
30 verbose stack     at C:\Users\yohan\AppData\Roaming\npm\node_modules\npm\lib\publish.js:137:14
30 verbose stack     at mapToRegistry (C:\Users\yohan\AppData\Roaming\npm\node_modules\npm\lib\utils\map-to-registry.js:62:3)
30 verbose stack     at publish_ (C:\Users\yohan\AppData\Roaming\npm\node_modules\npm\lib\publish.js:106:3)
30 verbose stack     at Array.<anonymous> (C:\Users\yohan\AppData\Roaming\npm\node_modules\npm\node_modules\slide\lib\bind-actor.js:15:8)
30 verbose stack     at LOOP (C:\Users\yohan\AppData\Roaming\npm\node_modules\npm\node_modules\slide\lib\chain.js:15:14)
30 verbose stack     at LOOP (C:\Users\yohan\AppData\Roaming\npm\node_modules\npm\node_modules\slide\lib\chain.js:14:28)
30 verbose stack     at chain (C:\Users\yohan\AppData\Roaming\npm\node_modules\npm\node_modules\slide\lib\chain.js:20:5)
30 verbose stack     at C:\Users\yohan\AppData\Roaming\npm\node_modules\npm\lib\publish.js:72:5
30 verbose stack     at RES (C:\Users\yohan\AppData\Roaming\npm\node_modules\npm\node_modules\inflight\inflight.js:23:14)
31 verbose cwd D:\Work\nodejs-express-helper
32 error Windows_NT 6.3.9600
33 error argv "C:\\Program Files\\nodejs\\node.exe" "C:\\Users\\yohan\\AppData\\Roaming\\npm\\node_modules\\npm\\bin\\npm-cli.js" "publish"
34 error node v4.4.0
35 error npm  v3.8.9
36 error code ENEEDAUTH
37 error need auth auth required for publishing
38 error need auth You need to authorize this machine using `npm adduser`
39 verbose exit [ 1, true ]
